<?xml version="1.0" encoding="UTF-8"?>
<!-- Generated by org.testng.reporters.JUnitReportReporter -->
<testsuite skipped="0" hostname="LetsAutomate" name="Testpipe.Testpipe.TestClass2" tests="3" failures="0" timestamp="06 May 2019 11:27:37 GMT" time="99.928" errors="0">
  <testcase name="test5" time="21.501" classname="Testpipe.Testpipe.TestClass2"/>
  <testcase name="test4" time="35.850" classname="Testpipe.Testpipe.TestClass2"/>
  <testcase name="test6" time="42.577" classname="Testpipe.Testpipe.TestClass2"/>
</testsuite> <!-- Testpipe.Testpipe.TestClass2 -->
