<?xml version="1.0" encoding="UTF-8"?>
<!-- Generated by org.testng.reporters.JUnitReportReporter -->
<testsuite skipped="0" hostname="LetsAutomate" name="Testpipe.Testpipe.TestClass1" tests="3" failures="0" timestamp="06 May 2019 11:27:37 GMT" time="119.051" errors="0">
  <testcase name="test2" time="35.326" classname="Testpipe.Testpipe.TestClass1"/>
  <testcase name="test3" time="37.632" classname="Testpipe.Testpipe.TestClass1"/>
  <testcase name="test1" time="46.093" classname="Testpipe.Testpipe.TestClass1"/>
</testsuite> <!-- Testpipe.Testpipe.TestClass1 -->
